<?xml version="1.0" encoding="UTF-8"?>
<!-- Generated by org.testng.reporters.JUnitReportReporter -->
<testsuite hostname="vincent-asus" name="org.vas.address.test.TestJaxrsAddress" tests="5" failures="0" timestamp="5 Apr 2015 17:59:32 GMT" time="0.533" errors="0">
  <testcase name="itShouldRemoveAddress" time="0.000" classname="org.vas.address.test.TestJaxrsAddress"/>
  <testcase name="itShouldNotDeleteAddress" time="0.015" classname="org.vas.address.test.TestJaxrsAddress"/>
  <testcase name="itShouldCreateAddress" time="0.486" classname="org.vas.address.test.TestJaxrsAddress"/>
  <testcase name="itShouldGetAddresses" time="0.016" classname="org.vas.address.test.TestJaxrsAddress"/>
  <testcase name="itShouldUpdateAddress" time="0.016" classname="org.vas.address.test.TestJaxrsAddress"/>
</testsuite> <!-- org.vas.address.test.TestJaxrsAddress -->
