<?xml version="1.0" encoding="UTF-8"?>
<!-- Generated by org.testng.reporters.JUnitReportReporter -->
<testsuite hostname="vincent-asus" name="org.vas.domain.repository.test.TestUserService" tests="2" failures="0" timestamp="5 Apr 2015 11:09:18 GMT" time="0.032" errors="0">
  <testcase name="itShouldHaveService" time="0.000" classname="org.vas.domain.repository.test.TestUserService"/>
  <testcase name="itShouldFetchUser" time="0.032" classname="org.vas.domain.repository.test.TestUserService"/>
</testsuite> <!-- org.vas.domain.repository.test.TestUserService -->
