<?xml version="1.0" encoding="UTF-8"?>
<!-- Generated by org.testng.reporters.JUnitReportReporter -->
<testsuite hostname="vincent-asus" name="org.vas.domain.repository.test.TestUserRepository" tests="2" failures="0" timestamp="5 Apr 2015 11:13:44 GMT" time="0.106" errors="0">
  <testcase name="itShouldAuthenticateUser" time="0.090" classname="org.vas.domain.repository.test.TestUserRepository"/>
  <testcase name="itShouldHaveRepository" time="0.016" classname="org.vas.domain.repository.test.TestUserRepository"/>
</testsuite> <!-- org.vas.domain.repository.test.TestUserRepository -->
