<?xml version="1.0" encoding="UTF-8"?>
<!-- Generated by org.testng.reporters.JUnitReportReporter -->
<testsuite hostname="vincent-asus" name="org.vas.domain.repository.test.TestAddressRepository" tests="5" failures="0" timestamp="5 Apr 2015 10:53:26 GMT" time="0.062" errors="0">
  <testcase name="itShouldDeleteAddress" time="0.000" classname="org.vas.domain.repository.test.TestAddressRepository"/>
  <testcase name="itShouldUpdateAddress" time="0.015" classname="org.vas.domain.repository.test.TestAddressRepository"/>
  <testcase name="itShouldHaveUserRepository" time="0.000" classname="org.vas.domain.repository.test.TestAddressRepository"/>
  <testcase name="itShouldCreateAndReadAddress" time="0.016" classname="org.vas.domain.repository.test.TestAddressRepository"/>
  <testcase name="itShouldHaveAddressRepository" time="0.031" classname="org.vas.domain.repository.test.TestAddressRepository"/>
</testsuite> <!-- org.vas.domain.repository.test.TestAddressRepository -->
