<?xml version="1.0" encoding="UTF-8"?>
<!-- Generated by org.testng.reporters.JUnitReportReporter -->
<testsuite hostname="vincent-asus" name="org.vas.domain.repository.test.TestAddressService" tests="7" failures="0" timestamp="5 Apr 2015 10:59:21 GMT" time="0.047" errors="0">
  <testcase name="itShouldHaveUserRepository" time="0.000" classname="org.vas.domain.repository.test.TestAddressService"/>
  <testcase name="itShouldHaveAddressRepository" time="0.031" classname="org.vas.domain.repository.test.TestAddressService"/>
  <testcase name="itShouldDeleteAddress" time="0.000" classname="org.vas.domain.repository.test.TestAddressService"/>
  <testcase name="itShouldCreateUnPersistedAddress" time="0.000" classname="org.vas.domain.repository.test.TestAddressService"/>
  <testcase name="itShouldHaveService" time="0.000" classname="org.vas.domain.repository.test.TestAddressService"/>
  <testcase name="itShouldUpdateAddress" time="0.016" classname="org.vas.domain.repository.test.TestAddressService"/>
  <testcase name="itShouldSaveAndReadAddress" time="0.000" classname="org.vas.domain.repository.test.TestAddressService"/>
</testsuite> <!-- org.vas.domain.repository.test.TestAddressService -->
