<?xml version="1.0" encoding="UTF-8"?>
<!-- Generated by org.testng.reporters.JUnitReportReporter -->
<testsuite hostname="vincent-asus" name="org.vas.core.test.TestEventBus" tests="1" failures="0" timestamp="5 Apr 2015 09:46:42 GMT" time="0.047" errors="0">
  <testcase name="itShouldCountEventPost" time="0.047" classname="org.vas.core.test.TestEventBus"/>
</testsuite> <!-- org.vas.core.test.TestEventBus -->
