<?xml version="1.0" encoding="UTF-8"?>
<!-- Generated by org.testng.reporters.JUnitReportReporter -->
<testsuite hostname="vincent-asus" name="org.vas.core.test.TestEventBusAndGuice" tests="1" failures="0" timestamp="5 Apr 2015 09:47:43 GMT" time="0.031" errors="0">
  <testcase name="itShouldCountEventPost" time="0.031" classname="org.vas.core.test.TestEventBusAndGuice"/>
</testsuite> <!-- org.vas.core.test.TestEventBusAndGuice -->
