<?xml version="1.0" encoding="UTF-8"?>
<!-- Generated by org.testng.reporters.JUnitReportReporter -->
<testsuite hostname="vincent-asus" name="org.vas.core.test.TestCore" tests="1" failures="0" timestamp="5 Apr 2015 09:32:34 GMT" time="0.084" errors="0">
  <testcase name="itShouldHandleMyEvent" time="0.084" classname="org.vas.core.test.TestCore"/>
</testsuite> <!-- org.vas.core.test.TestCore -->
