<?xml version="1.0" encoding="UTF-8"?>
<!-- Generated by org.testng.reporters.JUnitReportReporter -->
<testsuite hostname="vincent-asus" name="org.vas.http.resource.test.HttpEndpointTest" tests="1" failures="0" timestamp="27 Mar 2015 14:38:29 GMT" time="1.222" errors="0">
  <testcase name="itShouldMakeGetRequest" time="1.222" classname="org.vas.http.resource.test.HttpEndpointTest"/>
</testsuite> <!-- org.vas.http.resource.test.HttpEndpointTest -->
