<?xml version="1.0" encoding="UTF-8"?>
<!-- Generated by org.testng.reporters.JUnitReportReporter -->
<testsuite hostname="vincent-asus" name="org.vas.auth.test.TestRestAuth" tests="2" failures="0" timestamp="5 Apr 2015 15:47:26 GMT" time="0.463" errors="0">
  <testcase name="itShouldNotAuthenticateUser" time="0.018" classname="org.vas.auth.test.TestRestAuth"/>
  <testcase name="itShouldAuthenticateTestUser" time="0.445" classname="org.vas.auth.test.TestRestAuth"/>
</testsuite> <!-- org.vas.auth.test.TestRestAuth -->
