<?xml version="1.0" encoding="UTF-8"?>
<!-- Generated by org.testng.reporters.JUnitReportReporter -->
<testsuite hostname="vincent-asus" name="org.vas.test.VasBootTest" tests="1" failures="0" timestamp="4 Apr 2015 22:50:58 GMT" time="0.000" errors="0">
  <testcase name="itShouldSayReady" time="0.000" classname="org.vas.test.VasBootTest"/>
</testsuite> <!-- org.vas.test.VasBootTest -->
