<?xml version="1.0" encoding="UTF-8"?>
<!-- Generated by org.testng.reporters.JUnitReportReporter -->
<testsuite hostname="vincent-asus" name="org.vas.exceptions.test.TestExceptions" tests="1" failures="0" timestamp="5 Apr 2015 15:59:31 GMT" time="0.528" errors="0">
  <testcase name="itShouldRespondWith501" time="0.528" classname="org.vas.exceptions.test.TestExceptions"/>
</testsuite> <!-- org.vas.exceptions.test.TestExceptions -->
