<?xml version="1.0" encoding="UTF-8"?>
<!-- Generated by org.testng.reporters.JUnitReportReporter -->
<testsuite hostname="vincent-asus" name="org.vas.jaxrs.stations.around.test.TestStationsAround" tests="1" failures="0" timestamp="5 Apr 2015 18:19:40 GMT" time="0.866" errors="0">
  <testcase name="itShouldFetchStations" time="0.866" classname="org.vas.jaxrs.stations.around.test.TestStationsAround"/>
</testsuite> <!-- org.vas.jaxrs.stations.around.test.TestStationsAround -->
